Data for graph-19.txt:
adjacency/cost matrix:
   0   0   0   0   1   1   1   1   1   1   1   1   1   1   1   1   1   1   1
   0   0   0   0   1   1   1   1   1   1   1   1   1   1   1   1   1   1   1
   0   0   0   0   1   1   1   1   1   1   1   1   1   1   1   1   1   1   1
   0   0   0   0   1   1   1   1   1   1   1   1   1   1   1   1   1   1   1
   1   1   1   1   0   0   0   0   0   1   1   1   1   1   1   1   1   1   1
   1   1   1   1   0   0   0   0   0   1   1   1   1   1   1   1   1   1   1
   1   1   1   1   0   0   0   0   0   1   1   1   1   1   1   1   1   1   1
   1   1   1   1   0   0   0   0   0   1   1   1   1   1   1   1   1   1   1
   1   1   1   1   0   0   0   0   0   1   1   1   1   1   1   1   1   1   1
   1   1   1   1   1   1   1   1   1   0   0   0   0   0   1   1   1   1   1
   1   1   1   1   1   1   1   1   1   0   0   0   0   0   1   1   1   1   1
   1   1   1   1   1   1   1   1   1   0   0   0   0   0   1   1   1   1   1
   1   1   1   1   1   1   1   1   1   0   0   0   0   0   1   1   1   1   1
   1   1   1   1   1   1   1   1   1   0   0   0   0   0   1   1   1   1   1
   1   1   1   1   1   1   1   1   1   1   1   1   1   1   0   0   0   0   0
   1   1   1   1   1   1   1   1   1   1   1   1   1   1   0   0   0   0   0
   1   1   1   1   1   1   1   1   1   1   1   1   1   1   0   0   0   0   0
   1   1   1   1   1   1   1   1   1   1   1   1   1   1   0   0   0   0   0
   1   1   1   1   1   1   1   1   1   1   1   1   1   1   0   0   0   0   0
